<?xml version="1.0" encoding="UTF-8"?><testsuite errors="0" failures="1" name="End To End Testing for user" skipped="0" tests="4" time="3.87" timestamp="2022-06-20T09:50:32.301+01:00[Europe/London]"><testcase name="User should be able to creat user successfully"/><testcase name="User should be able to get user with User id"><failure message="1 expectation failed.&#10;Expected status code &lt;200&gt; but was &lt;404&gt;.&#10;" type="java.lang.AssertionError">1 expectation failed.
Expected status code &lt;200&gt; but was &lt;404&gt;.
</failure><system-err>1 expectation failed.
Expected status code &lt;200&gt; but was &lt;404&gt;.
&#13;
io.restassured.internal.ResponseSpecificationImpl.validateResponseIfRequired(ResponseSpecificationImpl.groovy:636)&#13;
io.restassured.internal.ResponseSpecificationImpl.statusCode(ResponseSpecificationImpl.groovy:122)&#13;
io.restassured.internal.ResponseSpecificationImpl.statusCode(ResponseSpecificationImpl.groovy:130)&#13;
io.restassured.internal.ValidatableResponseOptionsImpl.statusCode(ValidatableResponseOptionsImpl.java:117)&#13;
in.reqres.cucumber.steps.UserStepdefs.iShouldBeAbleToGetSingleRecord(UserStepdefs.java:51)&#13;
✽.Then I should be able to get single record(user.feature:11)&#13;
</system-err></testcase><testcase name="User should be able to update user by id"/><testcase name="User should be able to delete user"/></testsuite>