<?xml version="1.0" encoding="UTF-8"?><testsuite errors="0" failures="1" name="in.reqres.userinfo.UserCurdTest" skipped="0" tests="4" time="0.81" timestamp="2022-06-20T09:50:37.535+01:00[Europe/London]"><testcase classname="in.reqres.userinfo.UserCurdTest" name="creating user "/><testcase classname="in.reqres.userinfo.UserCurdTest" name="getSingel user  "><failure message="1 expectation failed.&#10;Expected status code &lt;200&gt; but was &lt;404&gt;.&#10;" type="java.lang.AssertionError">1 expectation failed.
Expected status code &lt;200&gt; but was &lt;404&gt;.
</failure><system-err>1 expectation failed.
Expected status code &lt;200&gt; but was &lt;404&gt;.
&#13;
io.restassured.internal.ResponseSpecificationImpl.validateResponseIfRequired(ResponseSpecificationImpl.groovy:636)&#13;
io.restassured.internal.ResponseSpecificationImpl.statusCode(ResponseSpecificationImpl.groovy:122)&#13;
io.restassured.internal.ResponseSpecificationImpl.statusCode(ResponseSpecificationImpl.groovy:130)&#13;
io.restassured.internal.ValidatableResponseOptionsImpl.statusCode(ValidatableResponseOptionsImpl.java:117)&#13;
in.reqres.userinfo.UserCurdTest.test002(UserCurdTest.java:35)&#13;
</system-err></testcase><testcase classname="in.reqres.userinfo.UserCurdTest" name="update user"/><testcase classname="in.reqres.userinfo.UserCurdTest" name="Delete user "/></testsuite>